ISim P.20131013 (signature 0xfbc00daa)
----------------------------------------------------------------------
WARNING:Security:42 - Your software subscription period has lapsed. Your current version of Xilinx tools will continue to function, but you no longer qualify for Xilinx software updates or new releases.


----------------------------------------------------------------------
This is a Full version of ISim.
Time resolution is 1 ps
Simulator is doing circuit initialization process.
Finished circuit initialization process.
  0 0000
^ 0 0000
3 0 0000
3 0 0000
7 0 0000
6 0 0000
@ 0 0000
0 0 0000
0 0 0000
0 0 0000
0 0 0000
3 0 0000
a 0 0000
e 0 0000
4 0 0000
: 0 0000
  0 0000
  0 0000
  0 0000
  0 0000
* 0 0000
0 0 0000
0 0 0000
0 0 0000
0 0 0000
2 0 0000
1 0 0000
b 0 0000
8 0 0000
  0 0000
  0 0000
< 0 0000
= 0 0000
  0 0000
  0 0000
6 0 0000
9 0 0000
5 0 0000
9 0 0000
a 0 0000
9 0 0000
0 0 0000
4 0 0000
# 0 0000
^ 2 0000
4 0 0000
7 0 0000
8 0 0000
5 0 0000
@ 0 0000
0 0 0000
0 0 0000
0 0 0000
0 0 0000
3 0 0000
0 0 0000
f 0 0000
8 0 0000
: 0 0000
* 0 0000
0 0 0000
0 0 0000
0 0 0000
0 0 0000
4 0 0000
e 0 0000
e 0 0000
8 0 0000
  0 0000
< 0 0000
= 0 0000
  0 0000
f 0 0000
a 0 0000
4 0 0000
7 0 0000
d 0 0000
8 0 0000
a 0 0000
2 0 0000
# 0 0000
^ 2 0100
8 0 0000
5 0 0000
9 0 0000
0 0 0000
@ 0 0000
0 0 0000
0 0 0000
0 0 0000
0 0 0000
4 0 0000
5 0 0000
b 0 0000
0 0 0000
: 0 0000
  0 0000
* 0 0000
0 0 0000
0 0 0000
0 0 0000
0 0 0000
4 0 0000
1 0 0000
8 0 0000
0 0 0000
  0 0000
  0 0000
  0 0000
< 0 0000
= 0 0000
7 0 0000
e 0 0000
f 0 0000
0 0 0000
0 0 0000
8 0 0000
7 0 0000
d 0 0000
# 0 0000
^ 2 0100
5 0 0000
5 0 0000
4 0 0000
1 0 0000
@ 0 0000
0 0 0000
0 0 0000
0 0 0000
0 0 0000
3 0 0000
f 0 0000
f 0 0000
8 0 0000
: 0 0000
  0 0000
  0 0000
* 0 0000
0 0 0000
0 0 0000
0 0 0000
0 0 0000
3 0 0000
9 0 0000
b 0 0000
8 0 0000
  0 0000
< 0 0000
= 0 0000
  0 0000
  0 0000
  0 0000
  0 0000
0 0 0000
2 0 0000
e 0 0000
e 0 0000
2 0 0000
5 0 0000
a 0 0000
c 0 0000
# 0 0000
^ 2 0100
2 0 0000
2 0 0000
9 0 0000
8 0 0000
@ 0 0000
0 0 0000
0 0 0000
0 0 0000
0 0 0000
3 0 0000
b 0 0000
5 0 0000
4 0 0000
: 0 0000
  0 0000
* 0 0000
0 0 0000
0 0 0000
0 0 0000
0 0 0000
0 0 0000
5 0 0000
5 0 0000
8 0 0000
  0 0000
  0 0000
  0 0000
  0 0000
< 0 0000
= 0 0000
  0 0000
  0 0000
e 0 0000
b 0 0000
7 0 0000
2 0 0000
2 0 0000
7 0 0000
4 0 0000
0 0 0000
# 0 0000
^ 2 0000
0 0 0000
3 0 0000
6 0 0000
7 0 0000
@ 0 0000
0 0 0000
0 0 0000
0 0 0000
0 0 0000
3 0 0000
3 0 0000
e 0 0000
8 0 0000
: 0 0000
  0 0000
  0 0000
* 0 0000
0 0 0000
0 0 0000
0 0 0000
0 0 0000
5 0 0000
8 0 0000
9 0 0000
8 0 0000
  0 0000
  0 0000
  0 0000
< 0 0000
= 0 0000
  0 0000
  0 0000
  0 0000
b 0 0000
3 0 0000
0 0 0000
1 0 0000
4 0 0000
f 0 0000
2 0 0000
e 0 0000
# 0 0000
^ 2 0100
8 0 0000
5 0 0000
4 0 0000
7 0 0000
@ 0 0000
0 0 0000
0 0 0000
0 0 0000
0 0 0000
3 0 0000
9 0 0000
6 0 0000
0 0 0000
: 0 0000
* 0 0000
0 0 0000
0 0 0000
0 0 0000
0 0 0000
1 0 0000
b 0 0000
4 0 0000
4 0 0000
  0 0000
  0 0000
< 0 0000
= 0 0000
  0 0000
  0 0000
c 0 0000
e 0 0000
f 0 0000
a 0 0000
7 0 0000
f 0 0000
4 0 0000
7 0 0000
# 0 0000
^ 2 0000
6 0 0000
3 0 0000
3 0 0000
6 0 0000
@ 0 0000
0 0 0000
0 0 0000
0 0 0000
0 0 0000
3 0 0000
3 0 0000
4 0 0000
0 0 0000
: 0 0000
  0 0000
* 0 0000
0 0 0000
0 0 0000
0 0 0000
0 0 0000
3 0 0000
5 0 0000
6 0 0000
8 0 0000
  0 0000
< 0 0000
= 0 0000
2 0 0000
2 0 0000
0 0 0000
c 0 0000
3 0 0000
8 0 0000
8 0 0000
5 0 0000
# 0 0000
^ 2 0100
4 0 0000
0 0 0000
9 0 0000
7 0 0000
@ 0 0000
0 0 0000
0 0 0000
0 0 0000
0 0 0000
3 0 0000
b 0 0000
7 0 0000
0 0 0000
: 0 0000
  0 0000
  0 0000
  0 0000
  0 0000
* 0 0000
0 0 0000
0 0 0000
0 0 0000
0 0 0000
0 0 0000
d 0 0000
d 0 0000
4 0 0000
  0 0000
  0 0000
  0 0000
< 0 0000
= 0 0000
  0 0000
  0 0000
  0 0000
  0 0000
6 0 0000
8 0 0000
0 0 0000
a 0 0000
6 0 0000
5 0 0000
f 0 0000
7 0 0000
# 0 0000
^ 2 0000
2 0 0000
7 0 0000
5 0 0000
8 0 0000
@ 0 0000
0 0 0000
0 0 0000
0 0 0000
0 0 0000
3 0 0000
8 0 0000
c 0 0000
4 0 0000
: 0 0000
  0 0000
  0 0000
  0 0000
* 0 0000
0 0 0000
0 0 0000
0 0 0000
0 0 0000
0 0 0000
2 0 0000
3 0 0000
8 0 0000
  0 0000
  0 0000
  0 0000
< 0 0000
= 0 0000
  0 0000
7 0 0000
6 0 0000
d 0 0000
d 0 0000
d 0 0000
b 0 0000
e 0 0000
c 0 0000
# 0 0000
^ 2 0000
0 0 0000
4 0 0000
6 0 0000
1 0 0000
@ 0 0000
0 0 0000
0 0 0000
0 0 0000
0 0 0000
3 0 0000
1 0 0000
8 0 0000
c 0 0000
: 0 0000
  0 0000
  0 0000
* 0 0000
0 0 0000
0 0 0000
0 0 0000
0 0 0000
1 0 0000
d 0 0000
e 0 0000
c 0 0000
< 0 0000
= 0 0000
  0 0000
  0 0000
  0 0000
  0 0000
1 0 0000
7 0 0000
f 0 0000
e 0 0000
8 0 0000
0 0 0000
e 0 0000
4 0 0000
# 0 0000
^ 2 0000
7 0 0000
1 0 0000
6 0 0000
2 0 0000
@ 0 0000
0 0 0000
0 0 0000
0 0 0000
0 0 0000
4 0 0000
6 0 0000
d 0 0000
c 0 0000
: 0 0000
  0 0000
  0 0000
* 0 0000
0 0 0000
0 0 0000
0 0 0000
0 0 0000
2 0 0000
b 0 0000
4 0 0000
0 0 0000
< 0 0000
= 0 0000
f 0 0000
8 0 0000
3 0 0000
1 0 0000
e 0 0000
d 0 0000
f 0 0000
e 0 0000
# 0 0000
^ 2 0000
3 0 0000
3 0 0000
6 0 0000
4 0 0000
@ 0 0000
 